{"C:\\Users\\rutik\\OneDrive\\Desktop\\Acciojob Projects\\React-zero-to-hero\\FoodDelivery-app\\Config\\Config.js": {"path":"C:\\Users\\rutik\\OneDrive\\Desktop\\Acciojob Projects\\React-zero-to-hero\\FoodDelivery-app\\Config\\Config.js","statementMap":{"0":{"start":{"line":1,"column":24},"end":{"line":1,"column":106}},"1":{"start":{"line":3,"column":23},"end":{"line":3,"column":157}},"2":{"start":{"line":5,"column":28},"end":{"line":5,"column":77}},"3":{"start":{"line":7,"column":23},"end":{"line":7,"column":57}}},"fnMap":{},"branchMap":{},"s":{"0":6,"1":6,"2":6,"3":6},"f":{},"b":{},"_coverageSchema":"1a1c01bbd47fc00a2c39e90264f33305004495a9","hash":"a97faa91545e09f9f07bcd12572e898dcbd1720e"}
,"C:\\Users\\rutik\\OneDrive\\Desktop\\Acciojob Projects\\React-zero-to-hero\\FoodDelivery-app\\Config\\firebaseConfig.js": {"path":"C:\\Users\\rutik\\OneDrive\\Desktop\\Acciojob Projects\\React-zero-to-hero\\FoodDelivery-app\\Config\\firebaseConfig.js","statementMap":{"0":{"start":{"line":1,"column":23},"end":{"line":9,"column":1}}},"fnMap":{},"branchMap":{},"s":{"0":4},"f":{},"b":{},"_coverageSchema":"1a1c01bbd47fc00a2c39e90264f33305004495a9","hash":"658a871fe0877e0c0214c4bf437f7c148ad5aac3"}
,"C:\\Users\\rutik\\OneDrive\\Desktop\\Acciojob Projects\\React-zero-to-hero\\FoodDelivery-app\\context\\VariableContext.js": {"path":"C:\\Users\\rutik\\OneDrive\\Desktop\\Acciojob Projects\\React-zero-to-hero\\FoodDelivery-app\\context\\VariableContext.js","statementMap":{"0":{"start":{"line":3,"column":24},"end":{"line":3,"column":39}}},"fnMap":{},"branchMap":{},"s":{"0":5},"f":{},"b":{},"_coverageSchema":"1a1c01bbd47fc00a2c39e90264f33305004495a9","hash":"3e6a22d8d5fe0869fc2002c769645aee6a5bf122"}
,"C:\\Users\\rutik\\OneDrive\\Desktop\\Acciojob Projects\\React-zero-to-hero\\FoodDelivery-app\\src\\Firebase.js": {"path":"C:\\Users\\rutik\\OneDrive\\Desktop\\Acciojob Projects\\React-zero-to-hero\\FoodDelivery-app\\src\\Firebase.js","statementMap":{"0":{"start":{"line":6,"column":12},"end":{"line":6,"column":41}},"1":{"start":{"line":7,"column":13},"end":{"line":7,"column":25}},"2":{"start":{"line":8,"column":11},"end":{"line":8,"column":28}}},"fnMap":{},"branchMap":{},"s":{"0":4,"1":4,"2":4},"f":{},"b":{},"_coverageSchema":"1a1c01bbd47fc00a2c39e90264f33305004495a9","hash":"f2400d8eecf5d1fa3dd8eb7f25a16aeb7edeecf7"}
,"C:\\Users\\rutik\\OneDrive\\Desktop\\Acciojob Projects\\React-zero-to-hero\\FoodDelivery-app\\src\\store.js": {"path":"C:\\Users\\rutik\\OneDrive\\Desktop\\Acciojob Projects\\React-zero-to-hero\\FoodDelivery-app\\src\\store.js","statementMap":{"0":{"start":{"line":7,"column":22},"end":{"line":10,"column":1}},"1":{"start":{"line":12,"column":20},"end":{"line":14,"column":2}},"2":{"start":{"line":16,"column":25},"end":{"line":16,"column":67}},"3":{"start":{"line":18,"column":14},"end":{"line":20,"column":2}},"4":{"start":{"line":22,"column":18},"end":{"line":22,"column":37}}},"fnMap":{},"branchMap":{},"s":{"0":5,"1":5,"2":5,"3":5,"4":5},"f":{},"b":{},"_coverageSchema":"1a1c01bbd47fc00a2c39e90264f33305004495a9","hash":"9bdcc341f06b543dde27ef39ff78d863673b5019"}
,"C:\\Users\\rutik\\OneDrive\\Desktop\\Acciojob Projects\\React-zero-to-hero\\FoodDelivery-app\\src\\assets\\detector.png": {"path":"C:\\Users\\rutik\\OneDrive\\Desktop\\Acciojob Projects\\React-zero-to-hero\\FoodDelivery-app\\src\\assets\\detector.png","statementMap":{"0":{"start":{"line":1,"column":0},"end":{"line":1,"column":32}}},"fnMap":{},"branchMap":{},"s":{"0":1},"f":{},"b":{},"_coverageSchema":"1a1c01bbd47fc00a2c39e90264f33305004495a9","hash":"ef77cd3eafa9b4d50ec74db09b7d2c66fe16e595"}
,"C:\\Users\\rutik\\OneDrive\\Desktop\\Acciojob Projects\\React-zero-to-hero\\FoodDelivery-app\\src\\assets\\foodBazaarTeam.png": {"path":"C:\\Users\\rutik\\OneDrive\\Desktop\\Acciojob Projects\\React-zero-to-hero\\FoodDelivery-app\\src\\assets\\foodBazaarTeam.png","statementMap":{"0":{"start":{"line":1,"column":0},"end":{"line":1,"column":38}}},"fnMap":{},"branchMap":{},"s":{"0":1},"f":{},"b":{},"_coverageSchema":"1a1c01bbd47fc00a2c39e90264f33305004495a9","hash":"7ba96ae4714abbd80a4c98885fc95a8e42cc38a4"}
,"C:\\Users\\rutik\\OneDrive\\Desktop\\Acciojob Projects\\React-zero-to-hero\\FoodDelivery-app\\src\\assets\\location.png": {"path":"C:\\Users\\rutik\\OneDrive\\Desktop\\Acciojob Projects\\React-zero-to-hero\\FoodDelivery-app\\src\\assets\\location.png","statementMap":{"0":{"start":{"line":1,"column":0},"end":{"line":1,"column":32}}},"fnMap":{},"branchMap":{},"s":{"0":1},"f":{},"b":{},"_coverageSchema":"1a1c01bbd47fc00a2c39e90264f33305004495a9","hash":"c1b601dca04dddc4c8f304de171d5d104d76e47b"}
,"C:\\Users\\rutik\\OneDrive\\Desktop\\Acciojob Projects\\React-zero-to-hero\\FoodDelivery-app\\src\\assets\\rating-icon.png": {"path":"C:\\Users\\rutik\\OneDrive\\Desktop\\Acciojob Projects\\React-zero-to-hero\\FoodDelivery-app\\src\\assets\\rating-icon.png","statementMap":{"0":{"start":{"line":1,"column":0},"end":{"line":1,"column":35}}},"fnMap":{},"branchMap":{},"s":{"0":2},"f":{},"b":{},"_coverageSchema":"1a1c01bbd47fc00a2c39e90264f33305004495a9","hash":"c47054c9c08b3dcbda9afa8bc2577713489ea52f"}
,"C:\\Users\\rutik\\OneDrive\\Desktop\\Acciojob Projects\\React-zero-to-hero\\FoodDelivery-app\\src\\assets\\restaurant.png": {"path":"C:\\Users\\rutik\\OneDrive\\Desktop\\Acciojob Projects\\React-zero-to-hero\\FoodDelivery-app\\src\\assets\\restaurant.png","statementMap":{"0":{"start":{"line":1,"column":0},"end":{"line":1,"column":34}}},"fnMap":{},"branchMap":{},"s":{"0":1},"f":{},"b":{},"_coverageSchema":"1a1c01bbd47fc00a2c39e90264f33305004495a9","hash":"9241d037e678606fdeb822601bca3872517ba1a3"}
,"C:\\Users\\rutik\\OneDrive\\Desktop\\Acciojob Projects\\React-zero-to-hero\\FoodDelivery-app\\src\\assets\\rupee.png": {"path":"C:\\Users\\rutik\\OneDrive\\Desktop\\Acciojob Projects\\React-zero-to-hero\\FoodDelivery-app\\src\\assets\\rupee.png","statementMap":{"0":{"start":{"line":1,"column":0},"end":{"line":1,"column":29}}},"fnMap":{},"branchMap":{},"s":{"0":3},"f":{},"b":{},"_coverageSchema":"1a1c01bbd47fc00a2c39e90264f33305004495a9","hash":"13274d1e82bed081f30803d112ee6751c9ad1cec"}
,"C:\\Users\\rutik\\OneDrive\\Desktop\\Acciojob Projects\\React-zero-to-hero\\FoodDelivery-app\\src\\assets\\search.png": {"path":"C:\\Users\\rutik\\OneDrive\\Desktop\\Acciojob Projects\\React-zero-to-hero\\FoodDelivery-app\\src\\assets\\search.png","statementMap":{"0":{"start":{"line":1,"column":0},"end":{"line":1,"column":30}}},"fnMap":{},"branchMap":{},"s":{"0":1},"f":{},"b":{},"_coverageSchema":"1a1c01bbd47fc00a2c39e90264f33305004495a9","hash":"607afdc6636f65b4a1e7246f83fa7a40cc822494"}
,"C:\\Users\\rutik\\OneDrive\\Desktop\\Acciojob Projects\\React-zero-to-hero\\FoodDelivery-app\\src\\assets\\star-icon.png": {"path":"C:\\Users\\rutik\\OneDrive\\Desktop\\Acciojob Projects\\React-zero-to-hero\\FoodDelivery-app\\src\\assets\\star-icon.png","statementMap":{"0":{"start":{"line":1,"column":0},"end":{"line":1,"column":33}}},"fnMap":{},"branchMap":{},"s":{"0":1},"f":{},"b":{},"_coverageSchema":"1a1c01bbd47fc00a2c39e90264f33305004495a9","hash":"92dd628352da7b0347f2b2d6fbce643397652009"}
,"C:\\Users\\rutik\\OneDrive\\Desktop\\Acciojob Projects\\React-zero-to-hero\\FoodDelivery-app\\src\\components\\accordian\\CustomAccordion.js": {"path":"C:\\Users\\rutik\\OneDrive\\Desktop\\Acciojob Projects\\React-zero-to-hero\\FoodDelivery-app\\src\\components\\accordian\\CustomAccordion.js","statementMap":{"0":{"start":{"line":11,"column":24},"end":{"line":34,"column":1}},"1":{"start":{"line":13,"column":2},"end":{"line":33,"column":4}},"2":{"start":{"line":27,"column":14},"end":{"line":27,"column":83}}},"fnMap":{"0":{"name":"(anonymous_0)","decl":{"start":{"line":11,"column":24},"end":{"line":11,"column":25}},"loc":{"start":{"line":11,"column":48},"end":{"line":34,"column":1}},"line":11},"1":{"name":"(anonymous_1)","decl":{"start":{"line":26,"column":27},"end":{"line":26,"column":28}},"loc":{"start":{"line":26,"column":37},"end":{"line":28,"column":13}},"line":26}},"branchMap":{"0":{"loc":{"start":{"line":25,"column":11},"end":{"line":28,"column":14}},"type":"binary-expr","locations":[{"start":{"line":25,"column":11},"end":{"line":25,"column":32}},{"start":{"line":26,"column":12},"end":{"line":28,"column":14}}],"line":25}},"s":{"0":1,"1":1,"2":1},"f":{"0":1,"1":1},"b":{"0":[1,1]},"_coverageSchema":"1a1c01bbd47fc00a2c39e90264f33305004495a9","hash":"12c5037000c1b784b14e38e41eed43341188744c"}
,"C:\\Users\\rutik\\OneDrive\\Desktop\\Acciojob Projects\\React-zero-to-hero\\FoodDelivery-app\\src\\components\\card\\Card.js": {"path":"C:\\Users\\rutik\\OneDrive\\Desktop\\Acciojob Projects\\React-zero-to-hero\\FoodDelivery-app\\src\\components\\card\\Card.js","statementMap":{"0":{"start":{"line":8,"column":13},"end":{"line":39,"column":1}},"1":{"start":{"line":18,"column":19},"end":{"line":20,"column":31}},"2":{"start":{"line":22,"column":2},"end":{"line":38,"column":4}}},"fnMap":{"0":{"name":"(anonymous_0)","decl":{"start":{"line":8,"column":13},"end":{"line":8,"column":14}},"loc":{"start":{"line":17,"column":6},"end":{"line":39,"column":1}},"line":17}},"branchMap":{"0":{"loc":{"start":{"line":18,"column":19},"end":{"line":20,"column":31}},"type":"cond-expr","locations":[{"start":{"line":19,"column":6},"end":{"line":19,"column":41}},{"start":{"line":20,"column":6},"end":{"line":20,"column":31}}],"line":18},"1":{"loc":{"start":{"line":24,"column":22},"end":{"line":24,"column":78}},"type":"cond-expr","locations":[{"start":{"line":24,"column":30},"end":{"line":24,"column":49}},{"start":{"line":24,"column":52},"end":{"line":24,"column":78}}],"line":24},"2":{"loc":{"start":{"line":24,"column":52},"end":{"line":24,"column":78}},"type":"cond-expr","locations":[{"start":{"line":24,"column":58},"end":{"line":24,"column":69}},{"start":{"line":24,"column":72},"end":{"line":24,"column":78}}],"line":24},"3":{"loc":{"start":{"line":28,"column":10},"end":{"line":35,"column":14}},"type":"binary-expr","locations":[{"start":{"line":28,"column":10},"end":{"line":28,"column":17}},{"start":{"line":28,"column":21},"end":{"line":35,"column":14}}],"line":28}},"s":{"0":2,"1":3,"2":3},"f":{"0":3},"b":{"0":[1,2],"1":[0,3],"2":[0,3],"3":[3,3]},"_coverageSchema":"1a1c01bbd47fc00a2c39e90264f33305004495a9","hash":"e8c2e4bf3bfbebd8a007b0e70235e4a6f05a797e"}
,"C:\\Users\\rutik\\OneDrive\\Desktop\\Acciojob Projects\\React-zero-to-hero\\FoodDelivery-app\\src\\components\\carousel\\Carousel.js": {"path":"C:\\Users\\rutik\\OneDrive\\Desktop\\Acciojob Projects\\React-zero-to-hero\\FoodDelivery-app\\src\\components\\carousel\\Carousel.js","statementMap":{"0":{"start":{"line":7,"column":17},"end":{"line":54,"column":1}},"1":{"start":{"line":8,"column":20},"end":{"line":8,"column":32}},"2":{"start":{"line":10,"column":23},"end":{"line":18,"column":3}},"3":{"start":{"line":11,"column":4},"end":{"line":17,"column":5}},"4":{"start":{"line":12,"column":21},"end":{"line":12,"column":24}},"5":{"start":{"line":13,"column":6},"end":{"line":16,"column":9}},"6":{"start":{"line":20,"column":2},"end":{"line":53,"column":4}},"7":{"start":{"line":28,"column":27},"end":{"line":28,"column":48}},"8":{"start":{"line":35,"column":27},"end":{"line":35,"column":47}},"9":{"start":{"line":45,"column":10},"end":{"line":49,"column":12}}},"fnMap":{"0":{"name":"(anonymous_0)","decl":{"start":{"line":7,"column":17},"end":{"line":7,"column":18}},"loc":{"start":{"line":7,"column":45},"end":{"line":54,"column":1}},"line":7},"1":{"name":"(anonymous_1)","decl":{"start":{"line":10,"column":23},"end":{"line":10,"column":24}},"loc":{"start":{"line":10,"column":38},"end":{"line":18,"column":3}},"line":10},"2":{"name":"(anonymous_2)","decl":{"start":{"line":28,"column":21},"end":{"line":28,"column":22}},"loc":{"start":{"line":28,"column":27},"end":{"line":28,"column":48}},"line":28},"3":{"name":"(anonymous_3)","decl":{"start":{"line":35,"column":21},"end":{"line":35,"column":22}},"loc":{"start":{"line":35,"column":27},"end":{"line":35,"column":47}},"line":35},"4":{"name":"(anonymous_4)","decl":{"start":{"line":44,"column":26},"end":{"line":44,"column":27}},"loc":{"start":{"line":44,"column":36},"end":{"line":50,"column":9}},"line":44}},"branchMap":{"0":{"loc":{"start":{"line":11,"column":4},"end":{"line":17,"column":5}},"type":"if","locations":[{"start":{"line":11,"column":4},"end":{"line":17,"column":5}},{"start":{},"end":{}}],"line":11},"1":{"loc":{"start":{"line":14,"column":14},"end":{"line":14,"column":53}},"type":"cond-expr","locations":[{"start":{"line":14,"column":37},"end":{"line":14,"column":43}},{"start":{"line":14,"column":46},"end":{"line":14,"column":53}}],"line":14}},"s":{"0":1,"1":1,"2":1,"3":0,"4":0,"5":0,"6":1,"7":0,"8":0,"9":2},"f":{"0":1,"1":0,"2":0,"3":0,"4":2},"b":{"0":[0,0],"1":[0,0]},"_coverageSchema":"1a1c01bbd47fc00a2c39e90264f33305004495a9","hash":"418adaab42cb9847f81c5cb5b6219207ac614d3a"}
,"C:\\Users\\rutik\\OneDrive\\Desktop\\Acciojob Projects\\React-zero-to-hero\\FoodDelivery-app\\src\\components\\chakra-icons\\GoogleIcon.js": {"path":"C:\\Users\\rutik\\OneDrive\\Desktop\\Acciojob Projects\\React-zero-to-hero\\FoodDelivery-app\\src\\components\\chakra-icons\\GoogleIcon.js","statementMap":{"0":{"start":{"line":3,"column":26},"end":{"line":25,"column":4}}},"fnMap":{},"branchMap":{},"s":{"0":4},"f":{},"b":{},"_coverageSchema":"1a1c01bbd47fc00a2c39e90264f33305004495a9","hash":"857945bc5390c4c5dbcb09a0936bacb75dbf7821"}
,"C:\\Users\\rutik\\OneDrive\\Desktop\\Acciojob Projects\\React-zero-to-hero\\FoodDelivery-app\\src\\components\\drawer\\Drawer.js": {"path":"C:\\Users\\rutik\\OneDrive\\Desktop\\Acciojob Projects\\React-zero-to-hero\\FoodDelivery-app\\src\\components\\drawer\\Drawer.js","statementMap":{"0":{"start":{"line":25,"column":17},"end":{"line":93,"column":1}},"1":{"start":{"line":26,"column":38},"end":{"line":26,"column":53}},"2":{"start":{"line":27,"column":17},"end":{"line":27,"column":25}},"3":{"start":{"line":28,"column":19},"end":{"line":28,"column":46}},"4":{"start":{"line":29,"column":16},"end":{"line":29,"column":26}},"5":{"start":{"line":31,"column":17},"end":{"line":40,"column":3}},"6":{"start":{"line":32,"column":4},"end":{"line":32,"column":18}},"7":{"start":{"line":34,"column":4},"end":{"line":39,"column":7}},"8":{"start":{"line":42,"column":2},"end":{"line":92,"column":4}}},"fnMap":{"0":{"name":"(anonymous_0)","decl":{"start":{"line":25,"column":17},"end":{"line":25,"column":18}},"loc":{"start":{"line":25,"column":23},"end":{"line":93,"column":1}},"line":25},"1":{"name":"(anonymous_1)","decl":{"start":{"line":31,"column":17},"end":{"line":31,"column":18}},"loc":{"start":{"line":31,"column":23},"end":{"line":40,"column":3}},"line":31}},"branchMap":{"0":{"loc":{"start":{"line":51,"column":15},"end":{"line":51,"column":43}},"type":"binary-expr","locations":[{"start":{"line":51,"column":15},"end":{"line":51,"column":28}},{"start":{"line":51,"column":32},"end":{"line":51,"column":43}}],"line":51},"1":{"loc":{"start":{"line":69,"column":21},"end":{"line":69,"column":49}},"type":"binary-expr","locations":[{"start":{"line":69,"column":21},"end":{"line":69,"column":34}},{"start":{"line":69,"column":38},"end":{"line":69,"column":49}}],"line":69},"2":{"loc":{"start":{"line":75,"column":38},"end":{"line":75,"column":67}},"type":"binary-expr","locations":[{"start":{"line":75,"column":38},"end":{"line":75,"column":54}},{"start":{"line":75,"column":58},"end":{"line":75,"column":67}}],"line":75}},"s":{"0":4,"1":7,"2":7,"3":7,"4":7,"5":7,"6":0,"7":0,"8":7},"f":{"0":7,"1":0},"b":{"0":[7,7],"1":[7,7],"2":[7,7]},"_coverageSchema":"1a1c01bbd47fc00a2c39e90264f33305004495a9","hash":"53904b91ef6fd858b020c12bb6796ef357cec512"}
,"C:\\Users\\rutik\\OneDrive\\Desktop\\Acciojob Projects\\React-zero-to-hero\\FoodDelivery-app\\src\\components\\navbar\\Navbar.js": {"path":"C:\\Users\\rutik\\OneDrive\\Desktop\\Acciojob Projects\\React-zero-to-hero\\FoodDelivery-app\\src\\components\\navbar\\Navbar.js","statementMap":{"0":{"start":{"line":8,"column":15},"end":{"line":21,"column":1}},"1":{"start":{"line":10,"column":19},"end":{"line":10,"column":46}},"2":{"start":{"line":12,"column":2},"end":{"line":20,"column":3}}},"fnMap":{"0":{"name":"(anonymous_0)","decl":{"start":{"line":8,"column":15},"end":{"line":8,"column":16}},"loc":{"start":{"line":8,"column":30},"end":{"line":21,"column":1}},"line":8}},"branchMap":{"0":{"loc":{"start":{"line":18,"column":14},"end":{"line":18,"column":50}},"type":"cond-expr","locations":[{"start":{"line":18,"column":20},"end":{"line":18,"column":29}},{"start":{"line":18,"column":32},"end":{"line":18,"column":50}}],"line":18}},"s":{"0":2,"1":4,"2":4},"f":{"0":4},"b":{"0":[4,0]},"_coverageSchema":"1a1c01bbd47fc00a2c39e90264f33305004495a9","hash":"d1fe13273ce4971ddd3e9585602f40f152b87f4f"}
,"C:\\Users\\rutik\\OneDrive\\Desktop\\Acciojob Projects\\React-zero-to-hero\\FoodDelivery-app\\src\\components\\navbar\\menuNavbar\\MenuNavbar.js": {"path":"C:\\Users\\rutik\\OneDrive\\Desktop\\Acciojob Projects\\React-zero-to-hero\\FoodDelivery-app\\src\\components\\navbar\\menuNavbar\\MenuNavbar.js","statementMap":{"0":{"start":{"line":9,"column":19},"end":{"line":54,"column":1}},"1":{"start":{"line":11,"column":19},"end":{"line":11,"column":32}},"2":{"start":{"line":12,"column":19},"end":{"line":12,"column":46}},"3":{"start":{"line":14,"column":2},"end":{"line":53,"column":4}},"4":{"start":{"line":38,"column":27},"end":{"line":38,"column":44}},"5":{"start":{"line":46,"column":25},"end":{"line":46,"column":42}}},"fnMap":{"0":{"name":"(anonymous_0)","decl":{"start":{"line":9,"column":19},"end":{"line":9,"column":20}},"loc":{"start":{"line":9,"column":42},"end":{"line":54,"column":1}},"line":9},"1":{"name":"(anonymous_1)","decl":{"start":{"line":38,"column":21},"end":{"line":38,"column":22}},"loc":{"start":{"line":38,"column":27},"end":{"line":38,"column":44}},"line":38},"2":{"name":"(anonymous_2)","decl":{"start":{"line":46,"column":19},"end":{"line":46,"column":20}},"loc":{"start":{"line":46,"column":25},"end":{"line":46,"column":42}},"line":46}},"branchMap":{"0":{"loc":{"start":{"line":34,"column":9},"end":{"line":42,"column":9}},"type":"binary-expr","locations":[{"start":{"line":34,"column":9},"end":{"line":34,"column":14}},{"start":{"line":35,"column":10},"end":{"line":41,"column":19}}],"line":34},"1":{"loc":{"start":{"line":50,"column":11},"end":{"line":50,"column":38}},"type":"cond-expr","locations":[{"start":{"line":50,"column":17},"end":{"line":50,"column":26}},{"start":{"line":50,"column":29},"end":{"line":50,"column":38}}],"line":50}},"s":{"0":2,"1":4,"2":4,"3":4,"4":0,"5":0},"f":{"0":4,"1":0,"2":0},"b":{"0":[4,1],"1":[3,1]},"_coverageSchema":"1a1c01bbd47fc00a2c39e90264f33305004495a9","hash":"091185aa372aed6aa355a8b6e3889601b42dcf85"}
,"C:\\Users\\rutik\\OneDrive\\Desktop\\Acciojob Projects\\React-zero-to-hero\\FoodDelivery-app\\src\\components\\search-input\\Search.js": {"path":"C:\\Users\\rutik\\OneDrive\\Desktop\\Acciojob Projects\\React-zero-to-hero\\FoodDelivery-app\\src\\components\\search-input\\Search.js","statementMap":{"0":{"start":{"line":22,"column":15},"end":{"line":153,"column":1}},"1":{"start":{"line":29,"column":38},"end":{"line":29,"column":50}},"2":{"start":{"line":30,"column":26},"end":{"line":30,"column":43}},"3":{"start":{"line":31,"column":28},"end":{"line":31,"column":47}},"4":{"start":{"line":33,"column":26},"end":{"line":33,"column":53}},"5":{"start":{"line":35,"column":17},"end":{"line":35,"column":29}},"6":{"start":{"line":37,"column":23},"end":{"line":43,"column":3}},"7":{"start":{"line":38,"column":24},"end":{"line":38,"column":38}},"8":{"start":{"line":39,"column":4},"end":{"line":39,"column":27}},"9":{"start":{"line":41,"column":25},"end":{"line":41,"column":56}},"10":{"start":{"line":42,"column":4},"end":{"line":42,"column":32}},"11":{"start":{"line":45,"column":22},"end":{"line":54,"column":3}},"12":{"start":{"line":46,"column":24},"end":{"line":46,"column":38}},"13":{"start":{"line":48,"column":4},"end":{"line":53,"column":5}},"14":{"start":{"line":49,"column":27},"end":{"line":49,"column":58}},"15":{"start":{"line":50,"column":6},"end":{"line":50,"column":24}},"16":{"start":{"line":51,"column":6},"end":{"line":51,"column":21}},"17":{"start":{"line":52,"column":6},"end":{"line":52,"column":36}},"18":{"start":{"line":57,"column":21},"end":{"line":58,"column":107}},"19":{"start":{"line":59,"column":4},"end":{"line":59,"column":44}},"20":{"start":{"line":60,"column":4},"end":{"line":60,"column":47}},"21":{"start":{"line":63,"column":26},"end":{"line":68,"column":3}},"22":{"start":{"line":64,"column":16},"end":{"line":64,"column":42}},"23":{"start":{"line":65,"column":17},"end":{"line":65,"column":44}},"24":{"start":{"line":66,"column":4},"end":{"line":66,"column":31}},"25":{"start":{"line":67,"column":4},"end":{"line":67,"column":27}},"26":{"start":{"line":70,"column":31},"end":{"line":74,"column":3}},"27":{"start":{"line":71,"column":16},"end":{"line":73,"column":5}},"28":{"start":{"line":76,"column":2},"end":{"line":152,"column":4}},"29":{"start":{"line":143,"column":29},"end":{"line":143,"column":44}},"30":{"start":{"line":144,"column":30},"end":{"line":144,"column":44}}},"fnMap":{"0":{"name":"(anonymous_0)","decl":{"start":{"line":22,"column":15},"end":{"line":22,"column":16}},"loc":{"start":{"line":28,"column":6},"end":{"line":153,"column":1}},"line":28},"1":{"name":"(anonymous_1)","decl":{"start":{"line":37,"column":23},"end":{"line":37,"column":24}},"loc":{"start":{"line":37,"column":30},"end":{"line":43,"column":3}},"line":37},"2":{"name":"(anonymous_2)","decl":{"start":{"line":45,"column":22},"end":{"line":45,"column":23}},"loc":{"start":{"line":45,"column":29},"end":{"line":54,"column":3}},"line":45},"3":{"name":"getLocation","decl":{"start":{"line":56,"column":17},"end":{"line":56,"column":28}},"loc":{"start":{"line":56,"column":40},"end":{"line":61,"column":3}},"line":56},"4":{"name":"(anonymous_4)","decl":{"start":{"line":63,"column":26},"end":{"line":63,"column":27}},"loc":{"start":{"line":63,"column":46},"end":{"line":68,"column":3}},"line":63},"5":{"name":"(anonymous_5)","decl":{"start":{"line":70,"column":31},"end":{"line":70,"column":32}},"loc":{"start":{"line":70,"column":37},"end":{"line":74,"column":3}},"line":70},"6":{"name":"(anonymous_6)","decl":{"start":{"line":143,"column":22},"end":{"line":143,"column":23}},"loc":{"start":{"line":143,"column":29},"end":{"line":143,"column":44}},"line":143},"7":{"name":"(anonymous_7)","decl":{"start":{"line":144,"column":23},"end":{"line":144,"column":24}},"loc":{"start":{"line":144,"column":30},"end":{"line":144,"column":44}},"line":144}},"branchMap":{"0":{"loc":{"start":{"line":48,"column":4},"end":{"line":53,"column":5}},"type":"if","locations":[{"start":{"line":48,"column":4},"end":{"line":53,"column":5}},{"start":{},"end":{}}],"line":48},"1":{"loc":{"start":{"line":139,"column":9},"end":{"line":147,"column":9}},"type":"binary-expr","locations":[{"start":{"line":139,"column":9},"end":{"line":139,"column":14}},{"start":{"line":140,"column":10},"end":{"line":146,"column":12}}],"line":139},"2":{"loc":{"start":{"line":149,"column":9},"end":{"line":149,"column":75}},"type":"binary-expr","locations":[{"start":{"line":149,"column":9},"end":{"line":149,"column":15}},{"start":{"line":149,"column":19},"end":{"line":149,"column":33}},{"start":{"line":149,"column":37},"end":{"line":149,"column":75}}],"line":149}},"s":{"0":1,"1":3,"2":3,"3":3,"4":3,"5":3,"6":3,"7":1,"8":1,"9":1,"10":1,"11":3,"12":1,"13":1,"14":0,"15":0,"16":0,"17":0,"18":0,"19":0,"20":0,"21":3,"22":0,"23":0,"24":0,"25":0,"26":3,"27":0,"28":3,"29":1,"30":1},"f":{"0":3,"1":1,"2":1,"3":0,"4":0,"5":0,"6":1,"7":1},"b":{"0":[0,1],"1":[3,3],"2":[3,0,0]},"_coverageSchema":"1a1c01bbd47fc00a2c39e90264f33305004495a9","hash":"d9e3f2941bc8ad25a455c2fc8ea04026bffddae9"}
,"C:\\Users\\rutik\\OneDrive\\Desktop\\Acciojob Projects\\React-zero-to-hero\\FoodDelivery-app\\src\\components\\searchlist\\SearchList.js": {"path":"C:\\Users\\rutik\\OneDrive\\Desktop\\Acciojob Projects\\React-zero-to-hero\\FoodDelivery-app\\src\\components\\searchlist\\SearchList.js","statementMap":{"0":{"start":{"line":6,"column":19},"end":{"line":34,"column":1}},"1":{"start":{"line":7,"column":2},"end":{"line":33,"column":4}},"2":{"start":{"line":13,"column":10},"end":{"line":29,"column":12}}},"fnMap":{"0":{"name":"(anonymous_0)","decl":{"start":{"line":6,"column":19},"end":{"line":6,"column":20}},"loc":{"start":{"line":6,"column":39},"end":{"line":34,"column":1}},"line":6},"1":{"name":"(anonymous_1)","decl":{"start":{"line":12,"column":24},"end":{"line":12,"column":25}},"loc":{"start":{"line":12,"column":34},"end":{"line":30,"column":9}},"line":12}},"branchMap":{"0":{"loc":{"start":{"line":9,"column":7},"end":{"line":31,"column":7}},"type":"cond-expr","locations":[{"start":{"line":10,"column":8},"end":{"line":10,"column":26}},{"start":{"line":12,"column":8},"end":{"line":30,"column":10}}],"line":9}},"s":{"0":2,"1":2,"2":1},"f":{"0":2,"1":1},"b":{"0":[1,1]},"_coverageSchema":"1a1c01bbd47fc00a2c39e90264f33305004495a9","hash":"8bb7b381fe9480b3e03ff60b15b92cc5464f150a"}
,"C:\\Users\\rutik\\OneDrive\\Desktop\\Acciojob Projects\\React-zero-to-hero\\FoodDelivery-app\\src\\components\\shimmer-effect\\Shimmer.js": {"path":"C:\\Users\\rutik\\OneDrive\\Desktop\\Acciojob Projects\\React-zero-to-hero\\FoodDelivery-app\\src\\components\\shimmer-effect\\Shimmer.js","statementMap":{"0":{"start":{"line":4,"column":16},"end":{"line":28,"column":1}},"1":{"start":{"line":6,"column":17},"end":{"line":6,"column":49}},"2":{"start":{"line":7,"column":14},"end":{"line":7,"column":38}},"3":{"start":{"line":9,"column":2},"end":{"line":27,"column":4}},"4":{"start":{"line":14,"column":10},"end":{"line":23,"column":12}}},"fnMap":{"0":{"name":"(anonymous_0)","decl":{"start":{"line":4,"column":16},"end":{"line":4,"column":17}},"loc":{"start":{"line":4,"column":49},"end":{"line":28,"column":1}},"line":4},"1":{"name":"(anonymous_1)","decl":{"start":{"line":13,"column":17},"end":{"line":13,"column":18}},"loc":{"start":{"line":13,"column":35},"end":{"line":24,"column":9}},"line":13}},"branchMap":{"0":{"loc":{"start":{"line":6,"column":17},"end":{"line":6,"column":49}},"type":"binary-expr","locations":[{"start":{"line":6,"column":17},"end":{"line":6,"column":33}},{"start":{"line":6,"column":37},"end":{"line":6,"column":49}}],"line":6},"1":{"loc":{"start":{"line":11,"column":8},"end":{"line":11,"column":67}},"type":"binary-expr","locations":[{"start":{"line":11,"column":8},"end":{"line":11,"column":16}},{"start":{"line":11,"column":20},"end":{"line":11,"column":67}}],"line":11},"2":{"loc":{"start":{"line":12,"column":60},"end":{"line":12,"column":84}},"type":"cond-expr","locations":[{"start":{"line":12,"column":69},"end":{"line":12,"column":79}},{"start":{"line":12,"column":81},"end":{"line":12,"column":84}}],"line":12},"3":{"loc":{"start":{"line":16,"column":16},"end":{"line":16,"column":82}},"type":"binary-expr","locations":[{"start":{"line":16,"column":16},"end":{"line":16,"column":33}},{"start":{"line":16,"column":37},"end":{"line":16,"column":82}}],"line":16},"4":{"loc":{"start":{"line":18,"column":18},"end":{"line":18,"column":73}},"type":"binary-expr","locations":[{"start":{"line":18,"column":18},"end":{"line":18,"column":35}},{"start":{"line":18,"column":39},"end":{"line":18,"column":73}}],"line":18}},"s":{"0":1,"1":1,"2":1,"3":1,"4":8},"f":{"0":1,"1":8},"b":{"0":[1,1],"1":[1,0],"2":[1,0],"3":[8,8],"4":[8,8]},"_coverageSchema":"1a1c01bbd47fc00a2c39e90264f33305004495a9","hash":"2e28454130d3e8e22d28e03d30b02410d97f62f8"}
,"C:\\Users\\rutik\\OneDrive\\Desktop\\Acciojob Projects\\React-zero-to-hero\\FoodDelivery-app\\src\\pages\\about\\About.js": {"path":"C:\\Users\\rutik\\OneDrive\\Desktop\\Acciojob Projects\\React-zero-to-hero\\FoodDelivery-app\\src\\pages\\about\\About.js","statementMap":{"0":{"start":{"line":17,"column":14},"end":{"line":195,"column":1}},"1":{"start":{"line":18,"column":21},"end":{"line":21,"column":3}},"2":{"start":{"line":22,"column":17},"end":{"line":22,"column":55}},"3":{"start":{"line":23,"column":20},"end":{"line":23,"column":58}},"4":{"start":{"line":25,"column":2},"end":{"line":194,"column":4}}},"fnMap":{"0":{"name":"(anonymous_0)","decl":{"start":{"line":17,"column":14},"end":{"line":17,"column":15}},"loc":{"start":{"line":17,"column":20},"end":{"line":195,"column":1}},"line":17}},"branchMap":{},"s":{"0":1,"1":1,"2":1,"3":1,"4":1},"f":{"0":1},"b":{},"_coverageSchema":"1a1c01bbd47fc00a2c39e90264f33305004495a9","hash":"8de4255763c8dec2dc915b0c813231f0c697bca4"}
,"C:\\Users\\rutik\\OneDrive\\Desktop\\Acciojob Projects\\React-zero-to-hero\\FoodDelivery-app\\src\\pages\\authentication\\Login.js": {"path":"C:\\Users\\rutik\\OneDrive\\Desktop\\Acciojob Projects\\React-zero-to-hero\\FoodDelivery-app\\src\\pages\\authentication\\Login.js","statementMap":{"0":{"start":{"line":32,"column":14},"end":{"line":159,"column":1}},"1":{"start":{"line":33,"column":38},"end":{"line":33,"column":53}},"2":{"start":{"line":34,"column":19},"end":{"line":34,"column":31}},"3":{"start":{"line":35,"column":16},"end":{"line":35,"column":26}},"4":{"start":{"line":37,"column":28},"end":{"line":37,"column":38}},"5":{"start":{"line":38,"column":34},"end":{"line":38,"column":44}},"6":{"start":{"line":40,"column":23},"end":{"line":71,"column":3}},"7":{"start":{"line":41,"column":4},"end":{"line":49,"column":5}},"8":{"start":{"line":42,"column":6},"end":{"line":47,"column":9}},"9":{"start":{"line":48,"column":6},"end":{"line":48,"column":13}},"10":{"start":{"line":51,"column":4},"end":{"line":70,"column":5}},"11":{"start":{"line":52,"column":21},"end":{"line":52,"column":76}},"12":{"start":{"line":54,"column":6},"end":{"line":60,"column":9}},"13":{"start":{"line":62,"column":6},"end":{"line":62,"column":16}},"14":{"start":{"line":64,"column":6},"end":{"line":69,"column":9}},"15":{"start":{"line":73,"column":29},"end":{"line":92,"column":3}},"16":{"start":{"line":74,"column":27},"end":{"line":74,"column":51}},"17":{"start":{"line":75,"column":4},"end":{"line":91,"column":9}},"18":{"start":{"line":77,"column":8},"end":{"line":82,"column":11}},"19":{"start":{"line":85,"column":8},"end":{"line":90,"column":11}},"20":{"start":{"line":94,"column":2},"end":{"line":158,"column":4}},"21":{"start":{"line":115,"column":37},"end":{"line":115,"column":61}},"22":{"start":{"line":123,"column":37},"end":{"line":123,"column":64}}},"fnMap":{"0":{"name":"(anonymous_0)","decl":{"start":{"line":32,"column":14},"end":{"line":32,"column":15}},"loc":{"start":{"line":32,"column":20},"end":{"line":159,"column":1}},"line":32},"1":{"name":"(anonymous_1)","decl":{"start":{"line":40,"column":23},"end":{"line":40,"column":24}},"loc":{"start":{"line":40,"column":35},"end":{"line":71,"column":3}},"line":40},"2":{"name":"(anonymous_2)","decl":{"start":{"line":73,"column":29},"end":{"line":73,"column":30}},"loc":{"start":{"line":73,"column":35},"end":{"line":92,"column":3}},"line":73},"3":{"name":"(anonymous_3)","decl":{"start":{"line":76,"column":12},"end":{"line":76,"column":13}},"loc":{"start":{"line":76,"column":21},"end":{"line":83,"column":7}},"line":76},"4":{"name":"(anonymous_4)","decl":{"start":{"line":84,"column":13},"end":{"line":84,"column":14}},"loc":{"start":{"line":84,"column":20},"end":{"line":91,"column":7}},"line":84},"5":{"name":"(anonymous_5)","decl":{"start":{"line":115,"column":30},"end":{"line":115,"column":31}},"loc":{"start":{"line":115,"column":37},"end":{"line":115,"column":61}},"line":115},"6":{"name":"(anonymous_6)","decl":{"start":{"line":123,"column":30},"end":{"line":123,"column":31}},"loc":{"start":{"line":123,"column":37},"end":{"line":123,"column":64}},"line":123}},"branchMap":{"0":{"loc":{"start":{"line":41,"column":4},"end":{"line":49,"column":5}},"type":"if","locations":[{"start":{"line":41,"column":4},"end":{"line":49,"column":5}},{"start":{},"end":{}}],"line":41},"1":{"loc":{"start":{"line":41,"column":8},"end":{"line":41,"column":27}},"type":"binary-expr","locations":[{"start":{"line":41,"column":8},"end":{"line":41,"column":14}},{"start":{"line":41,"column":18},"end":{"line":41,"column":27}}],"line":41}},"s":{"0":4,"1":1,"2":1,"3":1,"4":1,"5":1,"6":1,"7":0,"8":0,"9":0,"10":0,"11":0,"12":0,"13":0,"14":0,"15":1,"16":0,"17":0,"18":0,"19":0,"20":1,"21":0,"22":0},"f":{"0":1,"1":0,"2":0,"3":0,"4":0,"5":0,"6":0},"b":{"0":[0,0],"1":[0,0]},"_coverageSchema":"1a1c01bbd47fc00a2c39e90264f33305004495a9","hash":"d22b6e56a6b5bf9deaf4364e7a41edd447942497"}
,"C:\\Users\\rutik\\OneDrive\\Desktop\\Acciojob Projects\\React-zero-to-hero\\FoodDelivery-app\\src\\pages\\authentication\\SignUp.js": {"path":"C:\\Users\\rutik\\OneDrive\\Desktop\\Acciojob Projects\\React-zero-to-hero\\FoodDelivery-app\\src\\pages\\authentication\\SignUp.js","statementMap":{"0":{"start":{"line":21,"column":15},"end":{"line":131,"column":1}},"1":{"start":{"line":22,"column":28},"end":{"line":22,"column":40}},"2":{"start":{"line":23,"column":34},"end":{"line":23,"column":46}},"3":{"start":{"line":24,"column":40},"end":{"line":24,"column":52}},"4":{"start":{"line":25,"column":16},"end":{"line":25,"column":26}},"5":{"start":{"line":27,"column":23},"end":{"line":62,"column":3}},"6":{"start":{"line":28,"column":4},"end":{"line":36,"column":5}},"7":{"start":{"line":29,"column":6},"end":{"line":34,"column":9}},"8":{"start":{"line":35,"column":6},"end":{"line":35,"column":13}},"9":{"start":{"line":38,"column":4},"end":{"line":61,"column":5}},"10":{"start":{"line":39,"column":21},"end":{"line":43,"column":7}},"11":{"start":{"line":45,"column":6},"end":{"line":51,"column":9}},"12":{"start":{"line":53,"column":6},"end":{"line":53,"column":16}},"13":{"start":{"line":55,"column":6},"end":{"line":60,"column":9}},"14":{"start":{"line":64,"column":29},"end":{"line":83,"column":3}},"15":{"start":{"line":65,"column":27},"end":{"line":65,"column":51}},"16":{"start":{"line":66,"column":4},"end":{"line":82,"column":9}},"17":{"start":{"line":68,"column":8},"end":{"line":73,"column":11}},"18":{"start":{"line":76,"column":8},"end":{"line":81,"column":11}},"19":{"start":{"line":85,"column":2},"end":{"line":130,"column":4}},"20":{"start":{"line":93,"column":27},"end":{"line":93,"column":51}},"21":{"start":{"line":102,"column":27},"end":{"line":102,"column":54}},"22":{"start":{"line":111,"column":27},"end":{"line":111,"column":57}},"23":{"start":{"line":119,"column":25},"end":{"line":119,"column":39}}},"fnMap":{"0":{"name":"(anonymous_0)","decl":{"start":{"line":21,"column":15},"end":{"line":21,"column":16}},"loc":{"start":{"line":21,"column":32},"end":{"line":131,"column":1}},"line":21},"1":{"name":"(anonymous_1)","decl":{"start":{"line":27,"column":23},"end":{"line":27,"column":24}},"loc":{"start":{"line":27,"column":35},"end":{"line":62,"column":3}},"line":27},"2":{"name":"(anonymous_2)","decl":{"start":{"line":64,"column":29},"end":{"line":64,"column":30}},"loc":{"start":{"line":64,"column":35},"end":{"line":83,"column":3}},"line":64},"3":{"name":"(anonymous_3)","decl":{"start":{"line":67,"column":12},"end":{"line":67,"column":13}},"loc":{"start":{"line":67,"column":21},"end":{"line":74,"column":7}},"line":67},"4":{"name":"(anonymous_4)","decl":{"start":{"line":75,"column":13},"end":{"line":75,"column":14}},"loc":{"start":{"line":75,"column":20},"end":{"line":82,"column":7}},"line":75},"5":{"name":"(anonymous_5)","decl":{"start":{"line":93,"column":20},"end":{"line":93,"column":21}},"loc":{"start":{"line":93,"column":27},"end":{"line":93,"column":51}},"line":93},"6":{"name":"(anonymous_6)","decl":{"start":{"line":102,"column":20},"end":{"line":102,"column":21}},"loc":{"start":{"line":102,"column":27},"end":{"line":102,"column":54}},"line":102},"7":{"name":"(anonymous_7)","decl":{"start":{"line":111,"column":20},"end":{"line":111,"column":21}},"loc":{"start":{"line":111,"column":27},"end":{"line":111,"column":57}},"line":111},"8":{"name":"(anonymous_8)","decl":{"start":{"line":119,"column":19},"end":{"line":119,"column":20}},"loc":{"start":{"line":119,"column":25},"end":{"line":119,"column":39}},"line":119}},"branchMap":{"0":{"loc":{"start":{"line":28,"column":4},"end":{"line":36,"column":5}},"type":"if","locations":[{"start":{"line":28,"column":4},"end":{"line":36,"column":5}},{"start":{},"end":{}}],"line":28}},"s":{"0":4,"1":0,"2":0,"3":0,"4":0,"5":0,"6":0,"7":0,"8":0,"9":0,"10":0,"11":0,"12":0,"13":0,"14":0,"15":0,"16":0,"17":0,"18":0,"19":0,"20":0,"21":0,"22":0,"23":0},"f":{"0":0,"1":0,"2":0,"3":0,"4":0,"5":0,"6":0,"7":0,"8":0},"b":{"0":[0,0]},"_coverageSchema":"1a1c01bbd47fc00a2c39e90264f33305004495a9","hash":"5757101489cdeca4ada90eaa1a282e6401565e48"}
,"C:\\Users\\rutik\\OneDrive\\Desktop\\Acciojob Projects\\React-zero-to-hero\\FoodDelivery-app\\src\\pages\\cart\\Cart.js": {"path":"C:\\Users\\rutik\\OneDrive\\Desktop\\Acciojob Projects\\React-zero-to-hero\\FoodDelivery-app\\src\\pages\\cart\\Cart.js","statementMap":{"0":{"start":{"line":30,"column":13},"end":{"line":274,"column":1}},"1":{"start":{"line":31,"column":44},"end":{"line":31,"column":66}},"2":{"start":{"line":32,"column":46},"end":{"line":39,"column":4}},"3":{"start":{"line":40,"column":38},"end":{"line":40,"column":53}},"4":{"start":{"line":41,"column":16},"end":{"line":41,"column":26}},"5":{"start":{"line":43,"column":20},"end":{"line":43,"column":64}},"6":{"start":{"line":43,"column":43},"end":{"line":43,"column":63}},"7":{"start":{"line":45,"column":25},"end":{"line":45,"column":27}},"8":{"start":{"line":46,"column":24},"end":{"line":46,"column":26}},"9":{"start":{"line":48,"column":28},"end":{"line":55,"column":3}},"10":{"start":{"line":49,"column":21},"end":{"line":52,"column":9}},"11":{"start":{"line":50,"column":20},"end":{"line":50,"column":75}},"12":{"start":{"line":51,"column":6},"end":{"line":51,"column":52}},"13":{"start":{"line":54,"column":4},"end":{"line":54,"column":20}},"14":{"start":{"line":57,"column":25},"end":{"line":59,"column":3}},"15":{"start":{"line":58,"column":4},"end":{"line":58,"column":73}},"16":{"start":{"line":61,"column":36},"end":{"line":63,"column":3}},"17":{"start":{"line":62,"column":4},"end":{"line":62,"column":28}},"18":{"start":{"line":65,"column":28},"end":{"line":71,"column":3}},"19":{"start":{"line":66,"column":28},"end":{"line":66,"column":36}},"20":{"start":{"line":67,"column":4},"end":{"line":70,"column":8}},"21":{"start":{"line":67,"column":40},"end":{"line":70,"column":5}},"22":{"start":{"line":73,"column":25},"end":{"line":86,"column":3}},"23":{"start":{"line":74,"column":61},"end":{"line":74,"column":75}},"24":{"start":{"line":75,"column":4},"end":{"line":85,"column":5}},"25":{"start":{"line":76,"column":6},"end":{"line":82,"column":9}},"26":{"start":{"line":84,"column":6},"end":{"line":84,"column":15}},"27":{"start":{"line":88,"column":2},"end":{"line":273,"column":4}},"28":{"start":{"line":104,"column":12},"end":{"line":104,"column":50}}},"fnMap":{"0":{"name":"(anonymous_0)","decl":{"start":{"line":30,"column":13},"end":{"line":30,"column":14}},"loc":{"start":{"line":30,"column":19},"end":{"line":274,"column":1}},"line":30},"1":{"name":"(anonymous_1)","decl":{"start":{"line":43,"column":32},"end":{"line":43,"column":33}},"loc":{"start":{"line":43,"column":43},"end":{"line":43,"column":63}},"line":43},"2":{"name":"(anonymous_2)","decl":{"start":{"line":48,"column":28},"end":{"line":48,"column":29}},"loc":{"start":{"line":48,"column":34},"end":{"line":55,"column":3}},"line":48},"3":{"name":"(anonymous_3)","decl":{"start":{"line":49,"column":38},"end":{"line":49,"column":39}},"loc":{"start":{"line":49,"column":53},"end":{"line":52,"column":5}},"line":49},"4":{"name":"(anonymous_4)","decl":{"start":{"line":57,"column":25},"end":{"line":57,"column":26}},"loc":{"start":{"line":57,"column":31},"end":{"line":59,"column":3}},"line":57},"5":{"name":"(anonymous_5)","decl":{"start":{"line":61,"column":36},"end":{"line":61,"column":37}},"loc":{"start":{"line":61,"column":47},"end":{"line":63,"column":3}},"line":61},"6":{"name":"(anonymous_6)","decl":{"start":{"line":65,"column":28},"end":{"line":65,"column":29}},"loc":{"start":{"line":65,"column":35},"end":{"line":71,"column":3}},"line":65},"7":{"name":"(anonymous_7)","decl":{"start":{"line":67,"column":22},"end":{"line":67,"column":23}},"loc":{"start":{"line":67,"column":40},"end":{"line":70,"column":5}},"line":67},"8":{"name":"(anonymous_8)","decl":{"start":{"line":73,"column":25},"end":{"line":73,"column":26}},"loc":{"start":{"line":73,"column":31},"end":{"line":86,"column":3}},"line":73},"9":{"name":"(anonymous_9)","decl":{"start":{"line":103,"column":25},"end":{"line":103,"column":26}},"loc":{"start":{"line":104,"column":12},"end":{"line":104,"column":50}},"line":104}},"branchMap":{"0":{"loc":{"start":{"line":50,"column":20},"end":{"line":50,"column":75}},"type":"cond-expr","locations":[{"start":{"line":50,"column":33},"end":{"line":50,"column":49}},{"start":{"line":50,"column":52},"end":{"line":50,"column":75}}],"line":50},"1":{"loc":{"start":{"line":75,"column":4},"end":{"line":85,"column":5}},"type":"if","locations":[{"start":{"line":75,"column":4},"end":{"line":85,"column":5}},{"start":{"line":83,"column":11},"end":{"line":85,"column":5}}],"line":75},"2":{"loc":{"start":{"line":75,"column":8},"end":{"line":75,"column":68}},"type":"binary-expr","locations":[{"start":{"line":75,"column":8},"end":{"line":75,"column":13}},{"start":{"line":75,"column":17},"end":{"line":75,"column":23}},{"start":{"line":75,"column":27},"end":{"line":75,"column":35}},{"start":{"line":75,"column":39},"end":{"line":75,"column":44}},{"start":{"line":75,"column":48},"end":{"line":75,"column":56}},{"start":{"line":75,"column":60},"end":{"line":75,"column":68}}],"line":75},"3":{"loc":{"start":{"line":241,"column":19},"end":{"line":241,"column":76}},"type":"cond-expr","locations":[{"start":{"line":241,"column":52},"end":{"line":241,"column":65}},{"start":{"line":241,"column":68},"end":{"line":241,"column":76}}],"line":241}},"s":{"0":1,"1":1,"2":1,"3":1,"4":1,"5":1,"6":2,"7":1,"8":1,"9":1,"10":4,"11":0,"12":0,"13":4,"14":1,"15":2,"16":1,"17":0,"18":1,"19":0,"20":0,"21":0,"22":1,"23":0,"24":0,"25":0,"26":0,"27":1,"28":0},"f":{"0":1,"1":2,"2":4,"3":0,"4":2,"5":0,"6":0,"7":0,"8":0,"9":0},"b":{"0":[0,0],"1":[0,0],"2":[0,0,0,0,0,0],"3":[1,0]},"_coverageSchema":"1a1c01bbd47fc00a2c39e90264f33305004495a9","hash":"983d7cbdcd3f14991bf91f0133e9852fc015c7b7"}
,"C:\\Users\\rutik\\OneDrive\\Desktop\\Acciojob Projects\\React-zero-to-hero\\FoodDelivery-app\\src\\pages\\cart\\CartItem.js": {"path":"C:\\Users\\rutik\\OneDrive\\Desktop\\Acciojob Projects\\React-zero-to-hero\\FoodDelivery-app\\src\\pages\\cart\\CartItem.js","statementMap":{"0":{"start":{"line":10,"column":17},"end":{"line":51,"column":3}},"1":{"start":{"line":12,"column":19},"end":{"line":12,"column":32}},"2":{"start":{"line":14,"column":28},"end":{"line":16,"column":3}},"3":{"start":{"line":15,"column":4},"end":{"line":15,"column":34}},"4":{"start":{"line":18,"column":4},"end":{"line":50,"column":6}}},"fnMap":{"0":{"name":"(anonymous_0)","decl":{"start":{"line":10,"column":17},"end":{"line":10,"column":18}},"loc":{"start":{"line":10,"column":31},"end":{"line":51,"column":3}},"line":10},"1":{"name":"(anonymous_1)","decl":{"start":{"line":14,"column":28},"end":{"line":14,"column":29}},"loc":{"start":{"line":14,"column":33},"end":{"line":16,"column":3}},"line":14}},"branchMap":{"0":{"loc":{"start":{"line":41,"column":113},"end":{"line":41,"column":163}},"type":"cond-expr","locations":[{"start":{"line":41,"column":125},"end":{"line":41,"column":139}},{"start":{"line":41,"column":142},"end":{"line":41,"column":163}}],"line":41}},"s":{"0":2,"1":1,"2":1,"3":0,"4":1},"f":{"0":1,"1":0},"b":{"0":[1,0]},"_coverageSchema":"1a1c01bbd47fc00a2c39e90264f33305004495a9","hash":"a7d925949476baff8018062f103f142a405ce3c5"}
,"C:\\Users\\rutik\\OneDrive\\Desktop\\Acciojob Projects\\React-zero-to-hero\\FoodDelivery-app\\src\\pages\\help\\Help.js": {"path":"C:\\Users\\rutik\\OneDrive\\Desktop\\Acciojob Projects\\React-zero-to-hero\\FoodDelivery-app\\src\\pages\\help\\Help.js","statementMap":{"0":{"start":{"line":18,"column":13},"end":{"line":124,"column":1}},"1":{"start":{"line":19,"column":21},"end":{"line":19,"column":56}},"2":{"start":{"line":20,"column":17},"end":{"line":20,"column":24}},"3":{"start":{"line":21,"column":20},"end":{"line":21,"column":30}},"4":{"start":{"line":23,"column":2},"end":{"line":123,"column":4}}},"fnMap":{"0":{"name":"(anonymous_0)","decl":{"start":{"line":18,"column":13},"end":{"line":18,"column":14}},"loc":{"start":{"line":18,"column":19},"end":{"line":124,"column":1}},"line":18}},"branchMap":{},"s":{"0":1,"1":1,"2":1,"3":1,"4":1},"f":{"0":1},"b":{},"_coverageSchema":"1a1c01bbd47fc00a2c39e90264f33305004495a9","hash":"3f5d891f883930fffc3f07d3a84008e8193e0a71"}
,"C:\\Users\\rutik\\OneDrive\\Desktop\\Acciojob Projects\\React-zero-to-hero\\FoodDelivery-app\\src\\pages\\home\\footer\\Footer.js": {"path":"C:\\Users\\rutik\\OneDrive\\Desktop\\Acciojob Projects\\React-zero-to-hero\\FoodDelivery-app\\src\\pages\\home\\footer\\Footer.js","statementMap":{"0":{"start":{"line":5,"column":15},"end":{"line":37,"column":1}},"1":{"start":{"line":7,"column":17},"end":{"line":7,"column":41}},"2":{"start":{"line":9,"column":2},"end":{"line":36,"column":4}}},"fnMap":{"0":{"name":"(anonymous_0)","decl":{"start":{"line":5,"column":15},"end":{"line":5,"column":16}},"loc":{"start":{"line":5,"column":33},"end":{"line":37,"column":1}},"line":5}},"branchMap":{"0":{"loc":{"start":{"line":7,"column":17},"end":{"line":7,"column":41}},"type":"binary-expr","locations":[{"start":{"line":7,"column":17},"end":{"line":7,"column":27}},{"start":{"line":7,"column":31},"end":{"line":7,"column":41}}],"line":7}},"s":{"0":1,"1":1,"2":1},"f":{"0":1},"b":{"0":[1,1]},"_coverageSchema":"1a1c01bbd47fc00a2c39e90264f33305004495a9","hash":"3f2a32677291ba8374e38bc90a8949c0866ea29e"}
,"C:\\Users\\rutik\\OneDrive\\Desktop\\Acciojob Projects\\React-zero-to-hero\\FoodDelivery-app\\src\\pages\\home\\header\\Header.js": {"path":"C:\\Users\\rutik\\OneDrive\\Desktop\\Acciojob Projects\\React-zero-to-hero\\FoodDelivery-app\\src\\pages\\home\\header\\Header.js","statementMap":{"0":{"start":{"line":9,"column":15},"end":{"line":32,"column":1}},"1":{"start":{"line":10,"column":32},"end":{"line":10,"column":42}},"2":{"start":{"line":12,"column":18},"end":{"line":12,"column":62}},"3":{"start":{"line":12,"column":41},"end":{"line":12,"column":61}},"4":{"start":{"line":14,"column":2},"end":{"line":16,"column":16}},"5":{"start":{"line":15,"column":4},"end":{"line":15,"column":31}},"6":{"start":{"line":18,"column":2},"end":{"line":31,"column":4}}},"fnMap":{"0":{"name":"(anonymous_0)","decl":{"start":{"line":9,"column":15},"end":{"line":9,"column":16}},"loc":{"start":{"line":9,"column":21},"end":{"line":32,"column":1}},"line":9},"1":{"name":"(anonymous_1)","decl":{"start":{"line":12,"column":30},"end":{"line":12,"column":31}},"loc":{"start":{"line":12,"column":41},"end":{"line":12,"column":61}},"line":12},"2":{"name":"(anonymous_2)","decl":{"start":{"line":14,"column":12},"end":{"line":14,"column":13}},"loc":{"start":{"line":14,"column":18},"end":{"line":16,"column":3}},"line":14}},"branchMap":{},"s":{"0":1,"1":3,"2":3,"3":4,"4":3,"5":2,"6":3},"f":{"0":3,"1":4,"2":2},"b":{},"_coverageSchema":"1a1c01bbd47fc00a2c39e90264f33305004495a9","hash":"7e9e31ee887429fbc5b18b3d8d1df436ca5088fa"}
,"C:\\Users\\rutik\\OneDrive\\Desktop\\Acciojob Projects\\React-zero-to-hero\\FoodDelivery-app\\src\\pages\\menu\\menu-card\\MenuCard.js": {"path":"C:\\Users\\rutik\\OneDrive\\Desktop\\Acciojob Projects\\React-zero-to-hero\\FoodDelivery-app\\src\\pages\\menu\\menu-card\\MenuCard.js","statementMap":{"0":{"start":{"line":10,"column":17},"end":{"line":159,"column":1}},"1":{"start":{"line":20,"column":34},"end":{"line":20,"column":45}},"2":{"start":{"line":21,"column":35},"end":{"line":21,"column":50}},"3":{"start":{"line":22,"column":19},"end":{"line":22,"column":32}},"4":{"start":{"line":24,"column":26},"end":{"line":36,"column":3}},"5":{"start":{"line":25,"column":24},"end":{"line":33,"column":5}},"6":{"start":{"line":34,"column":4},"end":{"line":34,"column":48}},"7":{"start":{"line":35,"column":4},"end":{"line":35,"column":23}},"8":{"start":{"line":38,"column":25},"end":{"line":40,"column":3}},"9":{"start":{"line":39,"column":4},"end":{"line":39,"column":54}},"10":{"start":{"line":39,"column":22},"end":{"line":39,"column":54}},"11":{"start":{"line":39,"column":44},"end":{"line":39,"column":52}},"12":{"start":{"line":42,"column":25},"end":{"line":44,"column":3}},"13":{"start":{"line":43,"column":4},"end":{"line":43,"column":36}},"14":{"start":{"line":43,"column":26},"end":{"line":43,"column":34}},"15":{"start":{"line":46,"column":2},"end":{"line":158,"column":4}}},"fnMap":{"0":{"name":"(anonymous_0)","decl":{"start":{"line":10,"column":17},"end":{"line":10,"column":18}},"loc":{"start":{"line":19,"column":6},"end":{"line":159,"column":1}},"line":19},"1":{"name":"(anonymous_1)","decl":{"start":{"line":24,"column":26},"end":{"line":24,"column":27}},"loc":{"start":{"line":24,"column":32},"end":{"line":36,"column":3}},"line":24},"2":{"name":"(anonymous_2)","decl":{"start":{"line":38,"column":25},"end":{"line":38,"column":26}},"loc":{"start":{"line":38,"column":31},"end":{"line":40,"column":3}},"line":38},"3":{"name":"(anonymous_3)","decl":{"start":{"line":39,"column":34},"end":{"line":39,"column":35}},"loc":{"start":{"line":39,"column":44},"end":{"line":39,"column":52}},"line":39},"4":{"name":"(anonymous_4)","decl":{"start":{"line":42,"column":25},"end":{"line":42,"column":26}},"loc":{"start":{"line":42,"column":31},"end":{"line":44,"column":3}},"line":42},"5":{"name":"(anonymous_5)","decl":{"start":{"line":43,"column":16},"end":{"line":43,"column":17}},"loc":{"start":{"line":43,"column":26},"end":{"line":43,"column":34}},"line":43}},"branchMap":{"0":{"loc":{"start":{"line":34,"column":4},"end":{"line":34,"column":47}},"type":"binary-expr","locations":[{"start":{"line":34,"column":4},"end":{"line":34,"column":13}},{"start":{"line":34,"column":17},"end":{"line":34,"column":47}}],"line":34},"1":{"loc":{"start":{"line":39,"column":4},"end":{"line":39,"column":54}},"type":"if","locations":[{"start":{"line":39,"column":4},"end":{"line":39,"column":54}},{"start":{},"end":{}}],"line":39},"2":{"loc":{"start":{"line":52,"column":15},"end":{"line":52,"column":47}},"type":"cond-expr","locations":[{"start":{"line":52,"column":30},"end":{"line":52,"column":42}},{"start":{"line":52,"column":45},"end":{"line":52,"column":47}}],"line":52},"3":{"loc":{"start":{"line":62,"column":17},"end":{"line":64,"column":43}},"type":"cond-expr","locations":[{"start":{"line":63,"column":20},"end":{"line":63,"column":50}},{"start":{"line":64,"column":20},"end":{"line":64,"column":43}}],"line":62},"4":{"loc":{"start":{"line":69,"column":13},"end":{"line":79,"column":13}},"type":"cond-expr","locations":[{"start":{"line":70,"column":14},"end":{"line":76,"column":17}},{"start":{"line":78,"column":14},"end":{"line":78,"column":17}}],"line":69},"5":{"loc":{"start":{"line":93,"column":11},"end":{"line":153,"column":11}},"type":"cond-expr","locations":[{"start":{"line":94,"column":12},"end":{"line":130,"column":15}},{"start":{"line":132,"column":12},"end":{"line":152,"column":18}}],"line":93}},"s":{"0":1,"1":1,"2":1,"3":1,"4":1,"5":0,"6":0,"7":0,"8":1,"9":0,"10":0,"11":0,"12":1,"13":0,"14":0,"15":1},"f":{"0":1,"1":0,"2":0,"3":0,"4":0,"5":0},"b":{"0":[0,0],"1":[0,0],"2":[1,0],"3":[0,1],"4":[1,0],"5":[1,0]},"_coverageSchema":"1a1c01bbd47fc00a2c39e90264f33305004495a9","hash":"8f0765a8fdc96702fd597906f6b36a78dfc50025"}
,"C:\\Users\\rutik\\OneDrive\\Desktop\\Acciojob Projects\\React-zero-to-hero\\FoodDelivery-app\\src\\slice\\cartSlice.js": {"path":"C:\\Users\\rutik\\OneDrive\\Desktop\\Acciojob Projects\\React-zero-to-hero\\FoodDelivery-app\\src\\slice\\cartSlice.js","statementMap":{"0":{"start":{"line":4,"column":18},"end":{"line":20,"column":2}},"1":{"start":{"line":11,"column":12},"end":{"line":11,"column":49}},"2":{"start":{"line":14,"column":12},"end":{"line":14,"column":88}},"3":{"start":{"line":14,"column":61},"end":{"line":14,"column":87}},"4":{"start":{"line":17,"column":12},"end":{"line":17,"column":32}},"5":{"start":{"line":22,"column":51},"end":{"line":22,"column":68}}},"fnMap":{"0":{"name":"(anonymous_0)","decl":{"start":{"line":10,"column":17},"end":{"line":10,"column":18}},"loc":{"start":{"line":10,"column":35},"end":{"line":12,"column":9}},"line":10},"1":{"name":"(anonymous_1)","decl":{"start":{"line":13,"column":20},"end":{"line":13,"column":21}},"loc":{"start":{"line":13,"column":38},"end":{"line":15,"column":9}},"line":13},"2":{"name":"(anonymous_2)","decl":{"start":{"line":14,"column":53},"end":{"line":14,"column":54}},"loc":{"start":{"line":14,"column":61},"end":{"line":14,"column":87}},"line":14},"3":{"name":"(anonymous_3)","decl":{"start":{"line":16,"column":22},"end":{"line":16,"column":23}},"loc":{"start":{"line":16,"column":27},"end":{"line":18,"column":9}},"line":16}},"branchMap":{},"s":{"0":5,"1":0,"2":0,"3":0,"4":0,"5":5},"f":{"0":0,"1":0,"2":0,"3":0},"b":{},"_coverageSchema":"1a1c01bbd47fc00a2c39e90264f33305004495a9","hash":"bdba30a67c8de6c02d0b21cd90e7f06674e76132"}
,"C:\\Users\\rutik\\OneDrive\\Desktop\\Acciojob Projects\\React-zero-to-hero\\FoodDelivery-app\\src\\utils\\useFilter.js": {"path":"C:\\Users\\rutik\\OneDrive\\Desktop\\Acciojob Projects\\React-zero-to-hero\\FoodDelivery-app\\src\\utils\\useFilter.js","statementMap":{"0":{"start":{"line":2,"column":18},"end":{"line":9,"column":1}},"1":{"start":{"line":4,"column":25},"end":{"line":6,"column":8}},"2":{"start":{"line":5,"column":8},"end":{"line":5,"column":97}},"3":{"start":{"line":8,"column":4},"end":{"line":8,"column":24}}},"fnMap":{"0":{"name":"(anonymous_0)","decl":{"start":{"line":2,"column":18},"end":{"line":2,"column":19}},"loc":{"start":{"line":2,"column":43},"end":{"line":9,"column":1}},"line":2},"1":{"name":"(anonymous_1)","decl":{"start":{"line":4,"column":42},"end":{"line":4,"column":43}},"loc":{"start":{"line":4,"column":52},"end":{"line":6,"column":7}},"line":4}},"branchMap":{},"s":{"0":1,"1":1,"2":1,"3":1},"f":{"0":1,"1":1},"b":{},"_coverageSchema":"1a1c01bbd47fc00a2c39e90264f33305004495a9","hash":"2d31ce4baec9d4e8b308bf984d4fb344636c5b59"}
}
