TN:
SF:Config\Config.js
FNF:0
FNH:0
DA:1,6
DA:3,6
DA:5,6
DA:7,6
LF:4
LH:4
BRF:0
BRH:0
end_of_record
TN:
SF:Config\firebaseConfig.js
FNF:0
FNH:0
DA:1,4
LF:1
LH:1
BRF:0
BRH:0
end_of_record
TN:
SF:context\VariableContext.js
FNF:0
FNH:0
DA:3,5
LF:1
LH:1
BRF:0
BRH:0
end_of_record
TN:
SF:src\Firebase.js
FNF:0
FNH:0
DA:6,4
DA:7,4
DA:8,4
LF:3
LH:3
BRF:0
BRH:0
end_of_record
TN:
SF:src\store.js
FNF:0
FNH:0
DA:7,5
DA:12,5
DA:16,5
DA:18,5
DA:22,5
LF:5
LH:5
BRF:0
BRH:0
end_of_record
TN:
SF:src\assets\detector.png
FNF:0
FNH:0
DA:1,1
LF:1
LH:1
BRF:0
BRH:0
end_of_record
TN:
SF:src\assets\foodBazaarTeam.png
FNF:0
FNH:0
DA:1,1
LF:1
LH:1
BRF:0
BRH:0
end_of_record
TN:
SF:src\assets\location.png
FNF:0
FNH:0
DA:1,1
LF:1
LH:1
BRF:0
BRH:0
end_of_record
TN:
SF:src\assets\rating-icon.png
FNF:0
FNH:0
DA:1,2
LF:1
LH:1
BRF:0
BRH:0
end_of_record
TN:
SF:src\assets\restaurant.png
FNF:0
FNH:0
DA:1,1
LF:1
LH:1
BRF:0
BRH:0
end_of_record
TN:
SF:src\assets\rupee.png
FNF:0
FNH:0
DA:1,3
LF:1
LH:1
BRF:0
BRH:0
end_of_record
TN:
SF:src\assets\search.png
FNF:0
FNH:0
DA:1,1
LF:1
LH:1
BRF:0
BRH:0
end_of_record
TN:
SF:src\assets\star-icon.png
FNF:0
FNH:0
DA:1,1
LF:1
LH:1
BRF:0
BRH:0
end_of_record
TN:
SF:src\components\accordian\CustomAccordion.js
FN:11,(anonymous_0)
FN:26,(anonymous_1)
FNF:2
FNH:2
FNDA:1,(anonymous_0)
FNDA:1,(anonymous_1)
DA:11,1
DA:13,1
DA:27,1
LF:3
LH:3
BRDA:25,0,0,1
BRDA:25,0,1,1
BRF:2
BRH:2
end_of_record
TN:
SF:src\components\card\Card.js
FN:8,(anonymous_0)
FNF:1
FNH:1
FNDA:3,(anonymous_0)
DA:8,2
DA:18,3
DA:22,3
LF:3
LH:3
BRDA:18,0,0,1
BRDA:18,0,1,2
BRDA:24,1,0,0
BRDA:24,1,1,3
BRDA:24,2,0,0
BRDA:24,2,1,3
BRDA:28,3,0,3
BRDA:28,3,1,3
BRF:8
BRH:6
end_of_record
TN:
SF:src\components\carousel\Carousel.js
FN:7,(anonymous_0)
FN:10,(anonymous_1)
FN:28,(anonymous_2)
FN:35,(anonymous_3)
FN:44,(anonymous_4)
FNF:5
FNH:2
FNDA:1,(anonymous_0)
FNDA:0,(anonymous_1)
FNDA:0,(anonymous_2)
FNDA:0,(anonymous_3)
FNDA:2,(anonymous_4)
DA:7,1
DA:8,1
DA:10,1
DA:11,0
DA:12,0
DA:13,0
DA:20,1
DA:28,0
DA:35,0
DA:45,2
LF:10
LH:5
BRDA:11,0,0,0
BRDA:11,0,1,0
BRDA:14,1,0,0
BRDA:14,1,1,0
BRF:4
BRH:0
end_of_record
TN:
SF:src\components\chakra-icons\GoogleIcon.js
FNF:0
FNH:0
DA:3,4
LF:1
LH:1
BRF:0
BRH:0
end_of_record
TN:
SF:src\components\drawer\Drawer.js
FN:25,(anonymous_0)
FN:31,(anonymous_1)
FNF:2
FNH:1
FNDA:7,(anonymous_0)
FNDA:0,(anonymous_1)
DA:25,4
DA:26,7
DA:27,7
DA:28,7
DA:29,7
DA:31,7
DA:32,0
DA:34,0
DA:42,7
LF:9
LH:7
BRDA:51,0,0,7
BRDA:51,0,1,7
BRDA:69,1,0,7
BRDA:69,1,1,7
BRDA:75,2,0,7
BRDA:75,2,1,7
BRF:6
BRH:6
end_of_record
TN:
SF:src\components\navbar\Navbar.js
FN:8,(anonymous_0)
FNF:1
FNH:1
FNDA:4,(anonymous_0)
DA:8,2
DA:10,4
DA:12,4
LF:3
LH:3
BRDA:18,0,0,4
BRDA:18,0,1,0
BRF:2
BRH:1
end_of_record
TN:
SF:src\components\navbar\menuNavbar\MenuNavbar.js
FN:9,(anonymous_0)
FN:38,(anonymous_1)
FN:46,(anonymous_2)
FNF:3
FNH:1
FNDA:4,(anonymous_0)
FNDA:0,(anonymous_1)
FNDA:0,(anonymous_2)
DA:9,2
DA:11,4
DA:12,4
DA:14,4
DA:38,0
DA:46,0
LF:6
LH:4
BRDA:34,0,0,4
BRDA:34,0,1,1
BRDA:50,1,0,3
BRDA:50,1,1,1
BRF:4
BRH:4
end_of_record
TN:
SF:src\components\search-input\Search.js
FN:22,(anonymous_0)
FN:37,(anonymous_1)
FN:45,(anonymous_2)
FN:56,getLocation
FN:63,(anonymous_4)
FN:70,(anonymous_5)
FN:143,(anonymous_6)
FN:144,(anonymous_7)
FNF:8
FNH:5
FNDA:3,(anonymous_0)
FNDA:1,(anonymous_1)
FNDA:1,(anonymous_2)
FNDA:0,getLocation
FNDA:0,(anonymous_4)
FNDA:0,(anonymous_5)
FNDA:1,(anonymous_6)
FNDA:1,(anonymous_7)
DA:22,1
DA:29,3
DA:30,3
DA:31,3
DA:33,3
DA:35,3
DA:37,3
DA:38,1
DA:39,1
DA:41,1
DA:42,1
DA:45,3
DA:46,1
DA:48,1
DA:49,0
DA:50,0
DA:51,0
DA:52,0
DA:57,0
DA:59,0
DA:60,0
DA:63,3
DA:64,0
DA:65,0
DA:66,0
DA:67,0
DA:70,3
DA:71,0
DA:76,3
DA:143,1
DA:144,1
LF:31
LH:19
BRDA:48,0,0,0
BRDA:48,0,1,1
BRDA:139,1,0,3
BRDA:139,1,1,3
BRDA:149,2,0,3
BRDA:149,2,1,0
BRDA:149,2,2,0
BRF:7
BRH:4
end_of_record
TN:
SF:src\components\searchlist\SearchList.js
FN:6,(anonymous_0)
FN:12,(anonymous_1)
FNF:2
FNH:2
FNDA:2,(anonymous_0)
FNDA:1,(anonymous_1)
DA:6,2
DA:7,2
DA:13,1
LF:3
LH:3
BRDA:9,0,0,1
BRDA:9,0,1,1
BRF:2
BRH:2
end_of_record
TN:
SF:src\components\shimmer-effect\Shimmer.js
FN:4,(anonymous_0)
FN:13,(anonymous_1)
FNF:2
FNH:2
FNDA:1,(anonymous_0)
FNDA:8,(anonymous_1)
DA:4,1
DA:6,1
DA:7,1
DA:9,1
DA:14,8
LF:5
LH:5
BRDA:6,0,0,1
BRDA:6,0,1,1
BRDA:11,1,0,1
BRDA:11,1,1,0
BRDA:12,2,0,1
BRDA:12,2,1,0
BRDA:16,3,0,8
BRDA:16,3,1,8
BRDA:18,4,0,8
BRDA:18,4,1,8
BRF:10
BRH:8
end_of_record
TN:
SF:src\pages\about\About.js
FN:17,(anonymous_0)
FNF:1
FNH:1
FNDA:1,(anonymous_0)
DA:17,1
DA:18,1
DA:22,1
DA:23,1
DA:25,1
LF:5
LH:5
BRF:0
BRH:0
end_of_record
TN:
SF:src\pages\authentication\Login.js
FN:32,(anonymous_0)
FN:40,(anonymous_1)
FN:73,(anonymous_2)
FN:76,(anonymous_3)
FN:84,(anonymous_4)
FN:115,(anonymous_5)
FN:123,(anonymous_6)
FNF:7
FNH:1
FNDA:1,(anonymous_0)
FNDA:0,(anonymous_1)
FNDA:0,(anonymous_2)
FNDA:0,(anonymous_3)
FNDA:0,(anonymous_4)
FNDA:0,(anonymous_5)
FNDA:0,(anonymous_6)
DA:32,4
DA:33,1
DA:34,1
DA:35,1
DA:37,1
DA:38,1
DA:40,1
DA:41,0
DA:42,0
DA:48,0
DA:51,0
DA:52,0
DA:54,0
DA:62,0
DA:64,0
DA:73,1
DA:74,0
DA:75,0
DA:77,0
DA:85,0
DA:94,1
DA:115,0
DA:123,0
LF:23
LH:9
BRDA:41,0,0,0
BRDA:41,0,1,0
BRDA:41,1,0,0
BRDA:41,1,1,0
BRF:4
BRH:0
end_of_record
TN:
SF:src\pages\authentication\SignUp.js
FN:21,(anonymous_0)
FN:27,(anonymous_1)
FN:64,(anonymous_2)
FN:67,(anonymous_3)
FN:75,(anonymous_4)
FN:93,(anonymous_5)
FN:102,(anonymous_6)
FN:111,(anonymous_7)
FN:119,(anonymous_8)
FNF:9
FNH:0
FNDA:0,(anonymous_0)
FNDA:0,(anonymous_1)
FNDA:0,(anonymous_2)
FNDA:0,(anonymous_3)
FNDA:0,(anonymous_4)
FNDA:0,(anonymous_5)
FNDA:0,(anonymous_6)
FNDA:0,(anonymous_7)
FNDA:0,(anonymous_8)
DA:21,4
DA:22,0
DA:23,0
DA:24,0
DA:25,0
DA:27,0
DA:28,0
DA:29,0
DA:35,0
DA:38,0
DA:39,0
DA:45,0
DA:53,0
DA:55,0
DA:64,0
DA:65,0
DA:66,0
DA:68,0
DA:76,0
DA:85,0
DA:93,0
DA:102,0
DA:111,0
DA:119,0
LF:24
LH:1
BRDA:28,0,0,0
BRDA:28,0,1,0
BRF:2
BRH:0
end_of_record
TN:
SF:src\pages\cart\Cart.js
FN:30,(anonymous_0)
FN:43,(anonymous_1)
FN:48,(anonymous_2)
FN:49,(anonymous_3)
FN:57,(anonymous_4)
FN:61,(anonymous_5)
FN:65,(anonymous_6)
FN:67,(anonymous_7)
FN:73,(anonymous_8)
FN:103,(anonymous_9)
FNF:10
FNH:4
FNDA:1,(anonymous_0)
FNDA:2,(anonymous_1)
FNDA:4,(anonymous_2)
FNDA:0,(anonymous_3)
FNDA:2,(anonymous_4)
FNDA:0,(anonymous_5)
FNDA:0,(anonymous_6)
FNDA:0,(anonymous_7)
FNDA:0,(anonymous_8)
FNDA:0,(anonymous_9)
DA:30,1
DA:31,1
DA:32,1
DA:40,1
DA:41,1
DA:43,2
DA:45,1
DA:46,1
DA:48,1
DA:49,4
DA:50,0
DA:51,0
DA:54,4
DA:57,1
DA:58,2
DA:61,1
DA:62,0
DA:65,1
DA:66,0
DA:67,0
DA:73,1
DA:74,0
DA:75,0
DA:76,0
DA:84,0
DA:88,1
DA:104,0
LF:27
LH:17
BRDA:50,0,0,0
BRDA:50,0,1,0
BRDA:75,1,0,0
BRDA:75,1,1,0
BRDA:75,2,0,0
BRDA:75,2,1,0
BRDA:75,2,2,0
BRDA:75,2,3,0
BRDA:75,2,4,0
BRDA:75,2,5,0
BRDA:241,3,0,1
BRDA:241,3,1,0
BRF:12
BRH:1
end_of_record
TN:
SF:src\pages\cart\CartItem.js
FN:10,(anonymous_0)
FN:14,(anonymous_1)
FNF:2
FNH:1
FNDA:1,(anonymous_0)
FNDA:0,(anonymous_1)
DA:10,2
DA:12,1
DA:14,1
DA:15,0
DA:18,1
LF:5
LH:4
BRDA:41,0,0,1
BRDA:41,0,1,0
BRF:2
BRH:1
end_of_record
TN:
SF:src\pages\help\Help.js
FN:18,(anonymous_0)
FNF:1
FNH:1
FNDA:1,(anonymous_0)
DA:18,1
DA:19,1
DA:20,1
DA:21,1
DA:23,1
LF:5
LH:5
BRF:0
BRH:0
end_of_record
TN:
SF:src\pages\home\footer\Footer.js
FN:5,(anonymous_0)
FNF:1
FNH:1
FNDA:1,(anonymous_0)
DA:5,1
DA:7,1
DA:9,1
LF:3
LH:3
BRDA:7,0,0,1
BRDA:7,0,1,1
BRF:2
BRH:2
end_of_record
TN:
SF:src\pages\home\header\Header.js
FN:9,(anonymous_0)
FN:12,(anonymous_1)
FN:14,(anonymous_2)
FNF:3
FNH:3
FNDA:3,(anonymous_0)
FNDA:4,(anonymous_1)
FNDA:2,(anonymous_2)
DA:9,1
DA:10,3
DA:12,4
DA:14,3
DA:15,2
DA:18,3
LF:6
LH:6
BRF:0
BRH:0
end_of_record
TN:
SF:src\pages\menu\menu-card\MenuCard.js
FN:10,(anonymous_0)
FN:24,(anonymous_1)
FN:38,(anonymous_2)
FN:39,(anonymous_3)
FN:42,(anonymous_4)
FN:43,(anonymous_5)
FNF:6
FNH:1
FNDA:1,(anonymous_0)
FNDA:0,(anonymous_1)
FNDA:0,(anonymous_2)
FNDA:0,(anonymous_3)
FNDA:0,(anonymous_4)
FNDA:0,(anonymous_5)
DA:10,1
DA:20,1
DA:21,1
DA:22,1
DA:24,1
DA:25,0
DA:34,0
DA:35,0
DA:38,1
DA:39,0
DA:42,1
DA:43,0
DA:46,1
LF:13
LH:8
BRDA:34,0,0,0
BRDA:34,0,1,0
BRDA:39,1,0,0
BRDA:39,1,1,0
BRDA:52,2,0,1
BRDA:52,2,1,0
BRDA:62,3,0,0
BRDA:62,3,1,1
BRDA:69,4,0,1
BRDA:69,4,1,0
BRDA:93,5,0,1
BRDA:93,5,1,0
BRF:12
BRH:4
end_of_record
TN:
SF:src\slice\cartSlice.js
FN:10,(anonymous_0)
FN:13,(anonymous_1)
FN:14,(anonymous_2)
FN:16,(anonymous_3)
FNF:4
FNH:0
FNDA:0,(anonymous_0)
FNDA:0,(anonymous_1)
FNDA:0,(anonymous_2)
FNDA:0,(anonymous_3)
DA:4,5
DA:11,0
DA:14,0
DA:17,0
DA:22,5
LF:5
LH:2
BRF:0
BRH:0
end_of_record
TN:
SF:src\utils\useFilter.js
FN:2,(anonymous_0)
FN:4,(anonymous_1)
FNF:2
FNH:2
FNDA:1,(anonymous_0)
FNDA:1,(anonymous_1)
DA:2,1
DA:4,1
DA:5,1
DA:8,1
LF:4
LH:4
BRF:0
BRH:0
end_of_record
